2023-12-21 09:58:13,846 INFO o.a.j.u.JMeterUtils: Setting Locale to en_EN
2023-12-21 09:58:13,909 INFO o.a.j.JMeter: Loading user properties from: user.properties
2023-12-21 09:58:13,925 INFO o.a.j.JMeter: Loading system properties from: system.properties
2023-12-21 09:58:13,937 INFO o.a.j.JMeter: Copyright (c) 1998-2023 The Apache Software Foundation
2023-12-21 09:58:13,938 INFO o.a.j.JMeter: Version 5.6.2
2023-12-21 09:58:13,938 INFO o.a.j.JMeter: java.version=21.0.1
2023-12-21 09:58:13,938 INFO o.a.j.JMeter: java.vm.name=Java HotSpot(TM) 64-Bit Server VM
2023-12-21 09:58:13,938 INFO o.a.j.JMeter: os.name=Windows 10
2023-12-21 09:58:13,938 INFO o.a.j.JMeter: os.arch=amd64
2023-12-21 09:58:13,938 INFO o.a.j.JMeter: os.version=10.0
2023-12-21 09:58:13,938 INFO o.a.j.JMeter: file.encoding=UTF-8
2023-12-21 09:58:13,938 INFO o.a.j.JMeter: java.awt.headless=null
2023-12-21 09:58:13,938 INFO o.a.j.JMeter: Max memory     =1073741824
2023-12-21 09:58:13,939 INFO o.a.j.JMeter: Available Processors =4
2023-12-21 09:58:13,955 INFO o.a.j.JMeter: Default Locale=English (EN)
2023-12-21 09:58:13,955 INFO o.a.j.JMeter: JMeter  Locale=English (EN)
2023-12-21 09:58:13,955 INFO o.a.j.JMeter: JMeterHome=C:\apache-jmeter-5.6.2\apache-jmeter-5.6.2
2023-12-21 09:58:13,955 INFO o.a.j.JMeter: user.dir  =C:\apache-jmeter-5.6.2\apache-jmeter-5.6.2\bin
2023-12-21 09:58:13,955 INFO o.a.j.JMeter: PWD       =C:\apache-jmeter-5.6.2\apache-jmeter-5.6.2\bin
2023-12-21 09:58:13,955 INFO o.a.j.JMeter: IP: 192.168.0.112 Name: DESKTOP-RQ63NGD FullName: DESKTOP-RQ63NGD
2023-12-21 09:58:13,987 INFO o.a.j.JMeter: Loaded icon properties from org/apache/jmeter/images/icon.properties
2023-12-21 09:58:14,466 INFO o.a.j.JMeterGuiLauncher: Setting LAF to: com.github.weisj.darklaf.DarkLaf:com.github.weisj.darklaf.theme.DarculaTheme
2023-12-21 09:58:31,752 INFO o.a.j.s.FileServer: Default base='C:\apache-jmeter-5.6.2\apache-jmeter-5.6.2\bin'
2023-12-21 09:58:31,760 INFO o.a.j.g.a.Load: Loading file: C:\apache-jmeter-5.6.2\apache-jmeter-5.6.2\bin\Login.jmx
2023-12-21 09:58:31,761 INFO o.a.j.s.FileServer: Set new base='C:\apache-jmeter-5.6.2\apache-jmeter-5.6.2\bin'
2023-12-21 09:58:32,175 INFO o.a.j.s.SaveService: Testplan (JMX) version: 2.2. Testlog (JTL) version: 2.2
2023-12-21 09:58:32,256 INFO o.a.j.s.SaveService: Using SaveService properties version 5.0
2023-12-21 09:58:32,270 INFO o.a.j.s.SaveService: Using SaveService properties file encoding UTF-8
2023-12-21 09:58:32,275 INFO o.a.j.s.SaveService: Loading file: C:\apache-jmeter-5.6.2\apache-jmeter-5.6.2\bin\Login.jmx
2023-12-21 09:58:32,341 INFO o.a.j.p.h.s.HTTPSamplerBase: Parser for text/html is org.apache.jmeter.protocol.http.parser.LagartoBasedHtmlParser
2023-12-21 09:58:32,341 INFO o.a.j.p.h.s.HTTPSamplerBase: Parser for application/xhtml+xml is org.apache.jmeter.protocol.http.parser.LagartoBasedHtmlParser
2023-12-21 09:58:32,341 INFO o.a.j.p.h.s.HTTPSamplerBase: Parser for application/xml is org.apache.jmeter.protocol.http.parser.LagartoBasedHtmlParser
2023-12-21 09:58:32,341 INFO o.a.j.p.h.s.HTTPSamplerBase: Parser for text/xml is org.apache.jmeter.protocol.http.parser.LagartoBasedHtmlParser
2023-12-21 09:58:32,341 INFO o.a.j.p.h.s.HTTPSamplerBase: Parser for text/vnd.wap.wml is org.apache.jmeter.protocol.http.parser.RegexpHTMLParser
2023-12-21 09:58:32,341 INFO o.a.j.p.h.s.HTTPSamplerBase: Parser for text/css is org.apache.jmeter.protocol.http.parser.CssParser
2023-12-21 09:58:32,756 INFO o.a.j.s.SampleResult: Note: Sample TimeStamps are START times
2023-12-21 09:58:32,756 INFO o.a.j.s.SampleResult: sampleresult.default.encoding is set to UTF-8
2023-12-21 09:58:32,756 INFO o.a.j.s.SampleResult: sampleresult.useNanoTime=true
2023-12-21 09:58:32,756 INFO o.a.j.s.SampleResult: sampleresult.nanoThreadSleep=5000
2023-12-21 09:58:33,270 INFO o.a.j.s.FileServer: Set new base='C:\apache-jmeter-5.6.2\apache-jmeter-5.6.2\bin'
2023-12-21 10:42:56,421 INFO o.a.j.g.a.Load: Loading file: C:\apache-jmeter-5.6.2\apache-jmeter-5.6.2\bin\LoadTest.jmx
2023-12-21 10:42:56,422 INFO o.a.j.s.FileServer: Set new base='C:\apache-jmeter-5.6.2\apache-jmeter-5.6.2\bin'
2023-12-21 10:42:56,422 INFO o.a.j.s.SaveService: Loading file: C:\apache-jmeter-5.6.2\apache-jmeter-5.6.2\bin\LoadTest.jmx
2023-12-21 10:42:56,499 INFO o.a.j.s.FileServer: Set new base='C:\apache-jmeter-5.6.2\apache-jmeter-5.6.2\bin'
2023-12-21 10:43:06,882 INFO o.a.j.e.StandardJMeterEngine: Running the test!
2023-12-21 10:43:06,882 INFO o.a.j.s.SampleEvent: List of sample_variables: []
2023-12-21 10:43:06,882 INFO o.a.j.s.SampleEvent: List of sample_variables: []
2023-12-21 10:43:06,882 INFO o.a.j.e.u.CompoundVariable: Note: Function class names must contain the string: '.functions.'
2023-12-21 10:43:06,882 INFO o.a.j.e.u.CompoundVariable: Note: Function class names must not contain the string: '.gui.'
2023-12-21 10:43:06,982 INFO o.a.j.g.u.JMeterMenuBar: setRunning(true, *local*)
2023-12-21 10:43:07,049 INFO o.a.j.e.StandardJMeterEngine: Starting ThreadGroup: 1 : user
2023-12-21 10:43:07,049 INFO o.a.j.e.StandardJMeterEngine: Starting 10 threads for group user.
2023-12-21 10:43:07,049 INFO o.a.j.e.StandardJMeterEngine: Thread will continue on error
2023-12-21 10:43:07,049 INFO o.a.j.t.ThreadGroup: Starting thread group... number=1 threads=10 ramp-up=1 delayedStart=false
2023-12-21 10:43:07,066 INFO o.a.j.t.JMeterThread: Thread started: user 1-1
2023-12-21 10:43:07,073 INFO o.a.j.t.ThreadGroup: Started thread group number 1
2023-12-21 10:43:07,073 INFO o.a.j.e.StandardJMeterEngine: All thread groups have been started
2023-12-21 10:43:07,101 INFO o.a.j.p.h.s.HTTPHCAbstractImpl: Local host = DESKTOP-RQ63NGD
2023-12-21 10:43:07,112 INFO o.a.j.p.h.s.HTTPHC4Impl: HTTP request retry count = 0
2023-12-21 10:43:07,153 INFO o.a.j.t.JMeterThread: Thread started: user 1-2
2023-12-21 10:43:07,255 INFO o.a.j.t.JMeterThread: Thread started: user 1-3
2023-12-21 10:43:07,354 INFO o.a.j.t.JMeterThread: Thread started: user 1-4
2023-12-21 10:43:07,452 INFO o.a.j.t.JMeterThread: Thread started: user 1-5
2023-12-21 10:43:07,556 INFO o.a.j.t.JMeterThread: Thread started: user 1-6
2023-12-21 10:43:07,657 INFO o.a.j.t.JMeterThread: Thread started: user 1-7
2023-12-21 10:43:07,756 INFO o.a.j.t.JMeterThread: Thread started: user 1-8
2023-12-21 10:43:07,856 INFO o.a.j.t.JMeterThread: Thread started: user 1-9
2023-12-21 10:43:07,878 INFO o.a.j.p.h.s.h.LazyLayeredConnectionSocketFactory: Setting up HTTPS TrustAll Socket Factory
2023-12-21 10:43:07,885 INFO o.a.j.u.JsseSSLManager: Using default SSL protocol: TLS
2023-12-21 10:43:07,885 INFO o.a.j.u.JsseSSLManager: SSL session context: per-thread
2023-12-21 10:43:07,956 INFO o.a.j.t.JMeterThread: Thread started: user 1-10
2023-12-21 10:43:08,133 INFO o.a.j.u.SSLManager: JmeterKeyStore Location:  type JKS
2023-12-21 10:43:08,140 INFO o.a.j.u.SSLManager: KeyStore created OK
2023-12-21 10:43:08,140 WARN o.a.j.u.SSLManager: Keystore file not found, loading empty keystore
2023-12-21 10:43:09,258 INFO o.a.j.t.JMeterThread: Thread is done: user 1-9
2023-12-21 10:43:09,258 INFO o.a.j.t.JMeterThread: Thread finished: user 1-9
2023-12-21 10:43:09,259 INFO o.a.j.t.JMeterThread: Thread is done: user 1-8
2023-12-21 10:43:09,259 INFO o.a.j.t.JMeterThread: Thread finished: user 1-8
2023-12-21 10:43:09,260 INFO o.a.j.t.JMeterThread: Thread is done: user 1-5
2023-12-21 10:43:09,260 INFO o.a.j.t.JMeterThread: Thread finished: user 1-5
2023-12-21 10:43:09,266 INFO o.a.j.t.JMeterThread: Thread is done: user 1-2
2023-12-21 10:43:09,266 INFO o.a.j.t.JMeterThread: Thread finished: user 1-2
2023-12-21 10:43:09,271 INFO o.a.j.t.JMeterThread: Thread is done: user 1-7
2023-12-21 10:43:09,272 INFO o.a.j.t.JMeterThread: Thread finished: user 1-7
2023-12-21 10:43:09,277 INFO o.a.j.t.JMeterThread: Thread is done: user 1-6
2023-12-21 10:43:09,277 INFO o.a.j.t.JMeterThread: Thread finished: user 1-6
2023-12-21 10:43:09,280 INFO o.a.j.t.JMeterThread: Thread is done: user 1-10
2023-12-21 10:43:09,280 INFO o.a.j.t.JMeterThread: Thread finished: user 1-10
2023-12-21 10:43:09,282 INFO o.a.j.t.JMeterThread: Thread is done: user 1-1
2023-12-21 10:43:09,283 INFO o.a.j.t.JMeterThread: Thread finished: user 1-1
2023-12-21 10:43:09,283 INFO o.a.j.t.JMeterThread: Thread is done: user 1-4
2023-12-21 10:43:09,283 INFO o.a.j.t.JMeterThread: Thread finished: user 1-4
2023-12-21 10:43:09,385 INFO o.a.j.t.JMeterThread: Thread is done: user 1-3
2023-12-21 10:43:09,385 INFO o.a.j.t.JMeterThread: Thread finished: user 1-3
2023-12-21 10:43:09,386 INFO o.a.j.e.StandardJMeterEngine: Notifying test listeners of end of test
2023-12-21 10:43:09,387 INFO o.a.j.g.u.JMeterMenuBar: setRunning(false, *local*)
